android/app/build/outputs/logs/manifest-merger-debug-report.txt
-- Merging decision tree log ---
application
INJECTED from src/main/AndroidManifest.xml:27:5-72:19
MERGED from [:firebase_messaging] AndroidManifest.xml:15:5-48:19
MERGED from [:firebase_messaging] AndroidManifest.xml:15:5-48:19
MERGED from [:firebase_core] AndroidManifest.xml:9:5-15:19
MERGED from [:firebase_core] AndroidManifest.xml:9:5-15:19
MERGED from [:share_plus] AndroidManifest.xml:9:5-35:19
MERGED from [:share_plus] AndroidManifest.xml:9:5-35:19
MERGED from [:url_launcher_android] AndroidManifest.xml:9:5-14:19
MERGED from [:url_launcher_android] AndroidManifest.xml:9:5-14:19
MERGED from [com.google.firebase:firebase-messaging:24.1.0] AndroidManifest.xml:28:5-64:19
MERGED from [com.google.firebase:firebase-messaging:24.1.0] AndroidManifest.xml:28:5-64:19
MERGED from [com.google.firebase:firebase-installations:18.0.0] AndroidManifest.xml:11:5-22:19
MERGED from [com.google.firebase:firebase-installations:18.0.0] AndroidManifest.xml:11:5-22:19
MERGED from [com.google.firebase:firebase-common-ktx:21.0.0] AndroidManifest.xml:8:5-16:19
MERGED from [com.google.firebase:firebase-common-ktx:21.0.0] AndroidManifest.xml:8:5-16:19
MERGED from [com.google.firebase:firebase-common:21.0.0] AndroidManifest.xml:22:5-39:19
MERGED from [com.google.firebase:firebase-common:21.0.0] AndroidManifest.xml:22:5-39:19
MERGED from [com.google.android.gms:play-services-base:18.0.1] AndroidManifest.xml:19:5-23:19
MERGED from [com.google.android.gms:play-services-base:18.0.1] AndroidManifest.xml:19:5-23:19
MERGED from [androidx.window:window:1.2.0] AndroidManifest.xml:22:5-29:19
MERGED from [androidx.window:window:1.2.0] AndroidManifest.xml:22:5-29:19
MERGED from [com.google.firebase:firebase-iid-interop:17.1.0] AndroidManifest.xml:7:5-8:19
MERGED from [com.google.firebase:firebase-iid-interop:17.1.0] AndroidManifest.xml:7:5-8:19
MERGED from [com.google.firebase:firebase-measurement-connector:19.0.0] AndroidManifest.xml:22:5-23:19
MERGED from [com.google.firebase:firebase-measurement-connector:19.0.0] AndroidManifest.xml:22:5-23:19
MERGED from [com.google.android.gms:play-services-stats:17.0.2] AndroidManifest.xml:7:5-20
MERGED from [com.google.android.gms:play-services-stats:17.0.2] AndroidManifest.xml:7:5-20
MERGED from [androidx.lifecycle:lifecycle-process:2.7.0] AndroidManifest.xml:23:5-33:19
MERGED from [androidx.lifecycle:lifecycle-process:2.7.0] AndroidManifest.xml:23:5-33:19
MERGED from [com.google.android.gms:play-services-tasks:18.1.0] AndroidManifest.xml:5:5-20
MERGED from [com.google.android.gms:play-services-tasks:18.1.0] AndroidManifest.xml:5:5-20
MERGED from [com.google.android.gms:play-services-basement:18.3.0] AndroidManifest.xml:20:5-24:19
MERGED from [com.google.android.gms:play-services-basement:18.3.0] AndroidManifest.xml:20:5-24:19
MERGED from [androidx.core:core:1.13.1] AndroidManifest.xml:28:5-89
MERGED from [androidx.core:core:1.13.1] AndroidManifest.xml:28:5-89
MERGED from [com.google.firebase:firebase-datatransport:18.2.0] AndroidManifest.xml:21:5-29:19
MERGED from [com.google.firebase:firebase-datatransport:18.2.0] AndroidManifest.xml:21:5-29:19
MERGED from [com.google.android.datatransport:transport-backend-cct:3.1.9] AndroidManifest.xml:27:5-35:19
MERGED from [com.google.android.datatransport:transport-backend-cct:3.1.9] AndroidManifest.xml:27:5-35:19
MERGED from [com.google.android.datatransport:transport-runtime:3.1.9] AndroidManifest.xml:25:5-39:19
MERGED from [com.google.android.datatransport:transport-runtime:3.1.9] AndroidManifest.xml:25:5-39:19
MERGED from [androidx.profileinstaller:profileinstaller:1.3.1] AndroidManifest.xml:23:5-53:19
MERGED from [androidx.profileinstaller:profileinstaller:1.3.1] AndroidManifest.xml:23:5-53:19
MERGED from [androidx.startup:startup-runtime:1.1.1] AndroidManifest.xml:25:5-31:19
MERGED from [androidx.startup:startup-runtime:1.1.1] AndroidManifest.xml:25:5-31:19
MERGED from [androidx.versionedparcelable:versionedparcelable:1.1.1] AndroidManifest.xml:24:5-25:19
MERGED from [androidx.versionedparcelable:versionedparcelable:1.1.1] AndroidManifest.xml:24:5-25:19
	android:appComponentFactory
		ADDED from [androidx.core:core:1.13.1] AndroidManifest.xml:28:18-86
	android:name
		INJECTED from src/main/AndroidManifest.xml
manifest
ADDED from src/main/AndroidManifest.xml:1:1-73:12
INJECTED from src/main/AndroidManifest.xml:1:1-73:12
INJECTED from src/main/AndroidManifest.xml:1:1-73:12
INJECTED from src/main/AndroidManifest.xml:1:1-73:12
MERGED from src/main/AndroidManifest.xml:1:1-73:12
MERGED from [:android_x_storage] AndroidManifest.xml:2:1-9:12
MERGED from [:device_info_plus] AndroidManifest.xml:2:1-9:12
MERGED from [:firebase_messaging] AndroidManifest.xml:2:1-50:12
MERGED from [:firebase_core] AndroidManifest.xml:2:1-17:12
MERGED from [:flutter_local_notifications] AndroidManifest.xml:2:1-12:12
MERGED from [:flutter_sms_inbox] AndroidManifest.xml:2:1-9:12
MERGED from [:open_file_manager] AndroidManifest.xml:2:1-9:12
MERGED from [:wakelock_plus] AndroidManifest.xml:2:1-9:12
MERGED from [:package_info_plus] AndroidManifest.xml:2:1-9:12
MERGED from [:path_provider_android] AndroidManifest.xml:2:1-9:12
MERGED from [:permission_handler] AndroidManifest.xml:2:1-9:12
MERGED from [:restart_app] AndroidManifest.xml:2:1-9:12
MERGED from [:share_plus] AndroidManifest.xml:2:1-37:12
MERGED from [:sqflite_android] AndroidManifest.xml:2:1-9:12
MERGED from [:storage_info] AndroidManifest.xml:2:1-9:12
MERGED from [:url_launcher_android] AndroidManifest.xml:2:1-16:12
MERGED from [:vibration] AndroidManifest.xml:2:1-11:12
MERGED from [:video_player_android] AndroidManifest.xml:2:1-9:12
MERGED from [com.google.firebase:firebase-messaging:24.1.0] AndroidManifest.xml:17:1-66:12
MERGED from [com.google.firebase:firebase-installations:18.0.0] AndroidManifest.xml:2:1-24:12
MERGED from [com.google.firebase:firebase-common-ktx:21.0.0] AndroidManifest.xml:2:1-18:12
MERGED from [com.google.firebase:firebase-common:21.0.0] AndroidManifest.xml:15:1-41:12
MERGED from [androidx.media:media:1.1.0] AndroidManifest.xml:17:1-24:12
MERGED from [androidx.browser:browser:1.8.0] AndroidManifest.xml:2:1-7:12
MERGED from [androidx.media3:media3-extractor:1.4.1] AndroidManifest.xml:17:1-22:12
MERGED from [androidx.media3:media3-container:1.4.1] AndroidManifest.xml:17:1-22:12
MERGED from [androidx.media3:media3-datasource:1.4.1] AndroidManifest.xml:17:1-22:12
MERGED from [androidx.media3:media3-decoder:1.4.1] AndroidManifest.xml:17:1-22:12
MERGED from [androidx.media3:media3-database:1.4.1] AndroidManifest.xml:17:1-22:12
MERGED from [androidx.media3:media3-common:1.4.1] AndroidManifest.xml:17:1-24:12
MERGED from [androidx.media3:media3-exoplayer-hls:1.4.1] AndroidManifest.xml:17:1-22:12
MERGED from [androidx.media3:media3-exoplayer-dash:1.4.1] AndroidManifest.xml:17:1-22:12
MERGED from [androidx.media3:media3-exoplayer-rtsp:1.4.1] AndroidManifest.xml:17:1-22:12
MERGED from [androidx.media3:media3-exoplayer-smoothstreaming:1.4.1] AndroidManifest.xml:17:1-22:12
MERGED from [androidx.media3:media3-exoplayer:1.4.1] AndroidManifest.xml:17:1-24:12
MERGED from [com.google.android.gms:play-services-base:18.0.1] AndroidManifest.xml:16:1-24:12
MERGED from [androidx.window:window:1.2.0] AndroidManifest.xml:17:1-31:12
MERGED from [androidx.window:window-java:1.2.0] AndroidManifest.xml:17:1-21:12
MERGED from [com.google.firebase:firebase-iid-interop:17.1.0] AndroidManifest.xml:2:1-10:12
MERGED from [com.google.firebase:firebase-measurement-connector:19.0.0] AndroidManifest.xml:17:1-25:12
MERGED from [com.google.android.gms:play-services-cloud-messaging:17.2.0] AndroidManifest.xml:2:1-13:12
MERGED from [com.google.android.gms:play-services-stats:17.0.2] AndroidManifest.xml:2:1-9:12
MERGED from [com.google.firebase:firebase-installations-interop:17.1.1] AndroidManifest.xml:15:1-19:12
MERGED from [androidx.fragment:fragment:1.7.1] AndroidManifest.xml:2:1-7:12
MERGED from [androidx.activity:activity:1.8.1] AndroidManifest.xml:17:1-22:12
MERGED from [androidx.legacy:legacy-support-core-utils:1.0.0] AndroidManifest.xml:17:1-22:12
MERGED from [androidx.loader:loader:1.0.0] AndroidManifest.xml:17:1-22:12
MERGED from [androidx.lifecycle:lifecycle-livedata-core-ktx:2.7.0] AndroidManifest.xml:2:1-7:12
MERGED from [androidx.lifecycle:lifecycle-livedata:2.7.0] AndroidManifest.xml:17:1-22:12
MERGED from [androidx.lifecycle:lifecycle-viewmodel-savedstate:2.7.0] AndroidManifest.xml:17:1-22:12
MERGED from [androidx.lifecycle:lifecycle-viewmodel:2.7.0] AndroidManifest.xml:17:1-22:12
MERGED from [androidx.lifecycle:lifecycle-livedata-core:2.7.0] AndroidManifest.xml:17:1-22:12
MERGED from [androidx.lifecycle:lifecycle-runtime:2.7.0] AndroidManifest.xml:2:1-7:12
MERGED from [androidx.lifecycle:lifecycle-process:2.7.0] AndroidManifest.xml:17:1-35:12
MERGED from [androidx.savedstate:savedstate:1.2.1] AndroidManifest.xml:17:1-22:12
MERGED from [com.google.android.gms:play-services-tasks:18.1.0] AndroidManifest.xml:2:1-6:12
MERGED from [com.google.android.gms:play-services-basement:18.3.0] AndroidManifest.xml:16:1-26:12
MERGED from [androidx.viewpager:viewpager:1.0.0] AndroidManifest.xml:17:1-22:12
MERGED from [androidx.customview:customview:1.0.0] AndroidManifest.xml:17:1-22:12
MERGED from [androidx.core:core:1.13.1] AndroidManifest.xml:17:1-30:12
MERGED from [androidx.core:core-ktx:1.13.1] AndroidManifest.xml:2:1-7:12
MERGED from [androidx.localbroadcastmanager:localbroadcastmanager:1.1.0] AndroidManifest.xml:17:1-24:12
MERGED from [com.google.firebase:firebase-components:18.0.0] AndroidManifest.xml:15:1-20:12
MERGED from [com.google.firebase:firebase-datatransport:18.2.0] AndroidManifest.xml:15:1-31:12
MERGED from [com.google.android.datatransport:transport-backend-cct:3.1.9] AndroidManifest.xml:15:1-37:12
MERGED from [com.google.firebase:firebase-encoders-json:18.0.0] AndroidManifest.xml:15:1-23:12
MERGED from [com.google.android.datatransport:transport-runtime:3.1.9] AndroidManifest.xml:15:1-41:12
MERGED from [com.google.android.datatransport:transport-api:3.1.0] AndroidManifest.xml:15:1-20:12
MERGED from [androidx.profileinstaller:profileinstaller:1.3.1] AndroidManifest.xml:17:1-55:12
MERGED from [androidx.startup:startup-runtime:1.1.1] AndroidManifest.xml:17:1-33:12
MERGED from [androidx.tracing:tracing:1.2.0] AndroidManifest.xml:17:1-22:12
MERGED from [androidx.interpolator:interpolator:1.0.0] AndroidManifest.xml:17:1-22:12
MERGED from [androidx.versionedparcelable:versionedparcelable:1.1.1] AndroidManifest.xml:17:1-27:12
MERGED from [androidx.exifinterface:exifinterface:1.3.6] AndroidManifest.xml:17:1-24:12
MERGED from [androidx.arch.core:core-runtime:2.2.0] AndroidManifest.xml:17:1-22:12
MERGED from [androidx.documentfile:documentfile:1.0.0] AndroidManifest.xml:17:1-22:12
MERGED from [androidx.print:print:1.0.0] AndroidManifest.xml:17:1-22:12
MERGED from [androidx.window.extensions.core:core:1.0.0] AndroidManifest.xml:2:1-7:12
MERGED from [androidx.annotation:annotation-experimental:1.4.0] AndroidManifest.xml:2:1-7:12
INJECTED from src/debug/AndroidManifest.xml:1:1-8:12
INJECTED from src/debug/AndroidManifest.xml:1:1-8:12
INJECTED from src/debug/AndroidManifest.xml:1:1-8:12
	package
		ADDED from src/main/AndroidManifest.xml:2:5-37
		INJECTED from src/main/AndroidManifest.xml
		INJECTED from src/debug/AndroidManifest.xml
	android:versionName
		INJECTED from src/main/AndroidManifest.xml
		ADDED from src/main/AndroidManifest.xml:1:1-73:12
		INJECTED from src/debug/AndroidManifest.xml
	android:versionCode
		INJECTED from src/main/AndroidManifest.xml
		ADDED from src/main/AndroidManifest.xml:1:1-73:12
		INJECTED from src/debug/AndroidManifest.xml
	xmlns:android
		ADDED from src/main/AndroidManifest.xml:1:11-69
uses-permission#android.permission.INTERNET
ADDED from src/main/AndroidManifest.xml:5:5-67
MERGED from src/main/AndroidManifest.xml:5:5-67
MERGED from src/main/AndroidManifest.xml:5:5-67
MERGED from [:firebase_messaging] AndroidManifest.xml:9:5-67
MERGED from [:firebase_messaging] AndroidManifest.xml:9:5-67
MERGED from [com.google.firebase:firebase-installations:18.0.0] AndroidManifest.xml:8:5-67
MERGED from [com.google.firebase:firebase-installations:18.0.0] AndroidManifest.xml:8:5-67
MERGED from [com.google.android.gms:play-services-cloud-messaging:17.2.0] AndroidManifest.xml:8:5-67
MERGED from [com.google.android.gms:play-services-cloud-messaging:17.2.0] AndroidManifest.xml:8:5-67
MERGED from [com.google.android.datatransport:transport-backend-cct:3.1.9] AndroidManifest.xml:25:5-67
MERGED from [com.google.android.datatransport:transport-backend-cct:3.1.9] AndroidManifest.xml:25:5-67
	android:name
		ADDED from src/main/AndroidManifest.xml:5:22-64
uses-permission#android.permission.ACCESS_WIFI_STATE
ADDED from src/main/AndroidManifest.xml:6:5-76
	android:name
		ADDED from src/main/AndroidManifest.xml:6:22-73
uses-permission#android.permission.ACCESS_NETWORK_STATE
ADDED from src/main/AndroidManifest.xml:7:5-79
MERGED from [:firebase_messaging] AndroidManifest.xml:11:5-79
MERGED from [:firebase_messaging] AndroidManifest.xml:11:5-79
MERGED from [com.google.firebase:firebase-messaging:24.1.0] AndroidManifest.xml:22:5-79
MERGED from [com.google.firebase:firebase-messaging:24.1.0] AndroidManifest.xml:22:5-79
MERGED from [com.google.firebase:firebase-installations:18.0.0] AndroidManifest.xml:7:5-79
MERGED from [com.google.firebase:firebase-installations:18.0.0] AndroidManifest.xml:7:5-79
MERGED from [androidx.media3:media3-common:1.4.1] AndroidManifest.xml:22:5-79
MERGED from [androidx.media3:media3-common:1.4.1] AndroidManifest.xml:22:5-79
MERGED from [androidx.media3:media3-exoplayer:1.4.1] AndroidManifest.xml:22:5-79
MERGED from [androidx.media3:media3-exoplayer:1.4.1] AndroidManifest.xml:22:5-79
MERGED from [com.google.android.gms:play-services-cloud-messaging:17.2.0] AndroidManifest.xml:7:5-79
MERGED from [com.google.android.gms:play-services-cloud-messaging:17.2.0] AndroidManifest.xml:7:5-79
MERGED from [com.google.android.datatransport:transport-backend-cct:3.1.9] AndroidManifest.xml:24:5-79
MERGED from [com.google.android.datatransport:transport-backend-cct:3.1.9] AndroidManifest.xml:24:5-79
MERGED from [com.google.android.datatransport:transport-runtime:3.1.9] AndroidManifest.xml:22:5-79
MERGED from [com.google.android.datatransport:transport-runtime:3.1.9] AndroidManifest.xml:22:5-79
	android:name
		ADDED from src/main/AndroidManifest.xml:7:22-76
uses-permission#android.permission.READ_EXTERNAL_STORAGE
ADDED from src/main/AndroidManifest.xml:10:5-80
	android:name
		ADDED from src/main/AndroidManifest.xml:10:22-77
uses-permission#android.permission.WRITE_EXTERNAL_STORAGE
ADDED from src/main/AndroidManifest.xml:11:5-81
	android:name
		ADDED from src/main/AndroidManifest.xml:11:22-78
uses-permission#android.permission.MANAGE_EXTERNAL_STORAGE
ADDED from src/main/AndroidManifest.xml:12:5-82
	android:name
		ADDED from src/main/AndroidManifest.xml:12:22-79
uses-permission#android.permission.READ_PHONE_STATE
ADDED from src/main/AndroidManifest.xml:15:5-75
	android:name
		ADDED from src/main/AndroidManifest.xml:15:22-72
uses-permission#android.permission.READ_PHONE_NUMBERS
ADDED from src/main/AndroidManifest.xml:16:5-77
	android:name
		ADDED from src/main/AndroidManifest.xml:16:22-74
uses-permission#android.permission.READ_SMS
ADDED from src/main/AndroidManifest.xml:17:5-66
	android:name
		ADDED from src/main/AndroidManifest.xml:17:22-64
uses-permission#android.permission.RECEIVE_SMS
ADDED from src/main/AndroidManifest.xml:18:5-69
	android:name
		ADDED from src/main/AndroidManifest.xml:18:22-67
uses-permission#android.permission.MANAGE_USB
ADDED from src/main/AndroidManifest.xml:21:5-69
	android:name
		ADDED from src/main/AndroidManifest.xml:21:22-66
uses-permission#android.permission.ACCESS_USB
ADDED from src/main/AndroidManifest.xml:22:5-68
	android:name
		ADDED from src/main/AndroidManifest.xml:22:22-66
uses-permission#android.permission.POST_NOTIFICATIONS
ADDED from src/main/AndroidManifest.xml:25:5-77
MERGED from [:firebase_messaging] AndroidManifest.xml:13:5-77
MERGED from [:firebase_messaging] AndroidManifest.xml:13:5-77
MERGED from [:flutter_local_notifications] AndroidManifest.xml:10:5-77
MERGED from [:flutter_local_notifications] AndroidManifest.xml:10:5-77
MERGED from [com.google.firebase:firebase-messaging:24.1.0] AndroidManifest.xml:23:5-77
MERGED from [com.google.firebase:firebase-messaging:24.1.0] AndroidManifest.xml:23:5-77
	android:name
		ADDED from src/main/AndroidManifest.xml:25:22-74
uses-sdk
INJECTED from src/main/AndroidManifest.xml reason: use-sdk injection requested
INJECTED from src/main/AndroidManifest.xml
INJECTED from src/main/AndroidManifest.xml
MERGED from [:android_x_storage] AndroidManifest.xml:5:5-7:41
MERGED from [:android_x_storage] AndroidManifest.xml:5:5-7:41
MERGED from [:device_info_plus] AndroidManifest.xml:5:5-7:41
MERGED from [:device_info_plus] AndroidManifest.xml:5:5-7:41
MERGED from [:firebase_messaging] AndroidManifest.xml:5:5-7:41
MERGED from [:firebase_messaging] AndroidManifest.xml:5:5-7:41
MERGED from [:firebase_core] AndroidManifest.xml:5:5-7:41
MERGED from [:firebase_core] AndroidManifest.xml:5:5-7:41
MERGED from [:flutter_local_notifications] AndroidManifest.xml:5:5-7:41
MERGED from [:flutter_local_notifications] AndroidManifest.xml:5:5-7:41
MERGED from [:flutter_sms_inbox] AndroidManifest.xml:5:5-7:41
MERGED from [:flutter_sms_inbox] AndroidManifest.xml:5:5-7:41
MERGED from [:open_file_manager] AndroidManifest.xml:5:5-7:41
MERGED from [:open_file_manager] AndroidManifest.xml:5:5-7:41
MERGED from [:wakelock_plus] AndroidManifest.xml:5:5-7:41
MERGED from [:wakelock_plus] AndroidManifest.xml:5:5-7:41
MERGED from [:package_info_plus] AndroidManifest.xml:5:5-7:41
MERGED from [:package_info_plus] AndroidManifest.xml:5:5-7:41
MERGED from [:path_provider_android] AndroidManifest.xml:5:5-7:41
MERGED from [:path_provider_android] AndroidManifest.xml:5:5-7:41
MERGED from [:permission_handler] AndroidManifest.xml:5:5-7:41
MERGED from [:permission_handler] AndroidManifest.xml:5:5-7:41
MERGED from [:restart_app] AndroidManifest.xml:5:5-7:41
MERGED from [:restart_app] AndroidManifest.xml:5:5-7:41
MERGED from [:share_plus] AndroidManifest.xml:5:5-7:41
MERGED from [:share_plus] AndroidManifest.xml:5:5-7:41
MERGED from [:sqflite_android] AndroidManifest.xml:5:5-7:41
MERGED from [:sqflite_android] AndroidManifest.xml:5:5-7:41
MERGED from [:storage_info] AndroidManifest.xml:5:5-7:41
MERGED from [:storage_info] AndroidManifest.xml:5:5-7:41
MERGED from [:url_launcher_android] AndroidManifest.xml:5:5-7:41
MERGED from [:url_launcher_android] AndroidManifest.xml:5:5-7:41
MERGED from [:vibration] AndroidManifest.xml:5:5-7:41
MERGED from [:vibration] AndroidManifest.xml:5:5-7:41
MERGED from [:video_player_android] AndroidManifest.xml:5:5-7:41
MERGED from [:video_player_android] AndroidManifest.xml:5:5-7:41
MERGED from [com.google.firebase:firebase-messaging:24.1.0] AndroidManifest.xml:20:5-44
MERGED from [com.google.firebase:firebase-messaging:24.1.0] AndroidManifest.xml:20:5-44
MERGED from [com.google.firebase:firebase-installations:18.0.0] AndroidManifest.xml:5:5-44
MERGED from [com.google.firebase:firebase-installations:18.0.0] AndroidManifest.xml:5:5-44
MERGED from [com.google.firebase:firebase-common-ktx:21.0.0] AndroidManifest.xml:5:5-44
MERGED from [com.google.firebase:firebase-common-ktx:21.0.0] AndroidManifest.xml:5:5-44
MERGED from [com.google.firebase:firebase-common:21.0.0] AndroidManifest.xml:19:5-44
MERGED from [com.google.firebase:firebase-common:21.0.0] AndroidManifest.xml:19:5-44
MERGED from [androidx.media:media:1.1.0] AndroidManifest.xml:20:5-22:41
MERGED from [androidx.media:media:1.1.0] AndroidManifest.xml:20:5-22:41
MERGED from [androidx.browser:browser:1.8.0] AndroidManifest.xml:5:5-44
MERGED from [androidx.browser:browser:1.8.0] AndroidManifest.xml:5:5-44
MERGED from [androidx.media3:media3-extractor:1.4.1] AndroidManifest.xml:20:5-44
MERGED from [androidx.media3:media3-extractor:1.4.1] AndroidManifest.xml:20:5-44
MERGED from [androidx.media3:media3-container:1.4.1] AndroidManifest.xml:20:5-44
MERGED from [androidx.media3:media3-container:1.4.1] AndroidManifest.xml:20:5-44
MERGED from [androidx.media3:media3-datasource:1.4.1] AndroidManifest.xml:20:5-44
MERGED from [androidx.media3:media3-datasource:1.4.1] AndroidManifest.xml:20:5-44
MERGED from [androidx.media3:media3-decoder:1.4.1] AndroidManifest.xml:20:5-44
MERGED from [androidx.media3:media3-decoder:1.4.1] AndroidManifest.xml:20:5-44
MERGED from [androidx.media3:media3-database:1.4.1] AndroidManifest.xml:20:5-44
MERGED from [androidx.media3:media3-database:1.4.1] AndroidManifest.xml:20:5-44
MERGED from [androidx.media3:media3-common:1.4.1] AndroidManifest.xml:20:5-44
MERGED from [androidx.media3:media3-common:1.4.1] AndroidManifest.xml:20:5-44
MERGED from [androidx.media3:media3-exoplayer-hls:1.4.1] AndroidManifest.xml:20:5-44
MERGED from [androidx.media3:media3-exoplayer-hls:1.4.1] AndroidManifest.xml:20:5-44
MERGED from [androidx.media3:media3-exoplayer-dash:1.4.1] AndroidManifest.xml:20:5-44
MERGED from [androidx.media3:media3-exoplayer-dash:1.4.1] AndroidManifest.xml:20:5-44
MERGED from [androidx.media3:media3-exoplayer-rtsp:1.4.1] AndroidManifest.xml:20:5-44
MERGED from [androidx.media3:media3-exoplayer-rtsp:1.4.1] AndroidManifest.xml:20:5-44
MERGED from [androidx.media3:media3-exoplayer-smoothstreaming:1.4.1] AndroidManifest.xml:20:5-44
MERGED from [androidx.media3:media3-exoplayer-smoothstreaming:1.4.1] AndroidManifest.xml:20:5-44
MERGED from [androidx.media3:media3-exoplayer:1.4.1] AndroidManifest.xml:20:5-44
MERGED from [androidx.media3:media3-exoplayer:1.4.1] AndroidManifest.xml:20:5-44
MERGED from [com.google.android.gms:play-services-base:18.0.1] AndroidManifest.xml:18:5-43
MERGED from [com.google.android.gms:play-services-base:18.0.1] AndroidManifest.xml:18:5-43
MERGED from [androidx.window:window:1.2.0] AndroidManifest.xml:20:5-44
MERGED from [androidx.window:window:1.2.0] AndroidManifest.xml:20:5-44
MERGED from [androidx.window:window-java:1.2.0] AndroidManifest.xml:19:5-44
MERGED from [androidx.window:window-java:1.2.0] AndroidManifest.xml:19:5-44
MERGED from [com.google.firebase:firebase-iid-interop:17.1.0] AndroidManifest.xml:5:5-44
MERGED from [com.google.firebase:firebase-iid-interop:17.1.0] AndroidManifest.xml:5:5-44
MERGED from [com.google.firebase:firebase-measurement-connector:19.0.0] AndroidManifest.xml:20:5-44
MERGED from [com.google.firebase:firebase-measurement-connector:19.0.0] AndroidManifest.xml:20:5-44
MERGED from [com.google.android.gms:play-services-cloud-messaging:17.2.0] AndroidManifest.xml:5:5-44
MERGED from [com.google.android.gms:play-services-cloud-messaging:17.2.0] AndroidManifest.xml:5:5-44
MERGED from [com.google.android.gms:play-services-stats:17.0.2] AndroidManifest.xml:5:5-44
MERGED from [com.google.android.gms:play-services-stats:17.0.2] AndroidManifest.xml:5:5-44
MERGED from [com.google.firebase:firebase-installations-interop:17.1.1] AndroidManifest.xml:17:5-44
MERGED from [com.google.firebase:firebase-installations-interop:17.1.1] AndroidManifest.xml:17:5-44
MERGED from [androidx.fragment:fragment:1.7.1] AndroidManifest.xml:5:5-44
MERGED from [androidx.fragment:fragment:1.7.1] AndroidManifest.xml:5:5-44
MERGED from [androidx.activity:activity:1.8.1] AndroidManifest.xml:20:5-44
MERGED from [androidx.activity:activity:1.8.1] AndroidManifest.xml:20:5-44
MERGED from [androidx.legacy:legacy-support-core-utils:1.0.0] AndroidManifest.xml:20:5-44
MERGED from [androidx.legacy:legacy-support-core-utils:1.0.0] AndroidManifest.xml:20:5-44
MERGED from [androidx.loader:loader:1.0.0] AndroidManifest.xml:20:5-44
MERGED from [androidx.loader:loader:1.0.0] AndroidManifest.xml:20:5-44
MERGED from [androidx.lifecycle:lifecycle-livedata-core-ktx:2.7.0] AndroidManifest.xml:5:5-44
MERGED from [androidx.lifecycle:lifecycle-livedata-core-ktx:2.7.0] AndroidManifest.xml:5:5-44
MERGED from [androidx.lifecycle:lifecycle-livedata:2.7.0] AndroidManifest.xml:20:5-44
MERGED from [androidx.lifecycle:lifecycle-livedata:2.7.0] AndroidManifest.xml:20:5-44
MERGED from [androidx.lifecycle:lifecycle-viewmodel-savedstate:2.7.0] AndroidManifest.xml:20:5-44
MERGED from [androidx.lifecycle:lifecycle-viewmodel-savedstate:2.7.0] AndroidManifest.xml:20:5-44
MERGED from [androidx.lifecycle:lifecycle-viewmodel:2.7.0] AndroidManifest.xml:20:5-44
MERGED from [androidx.lifecycle:lifecycle-viewmodel:2.7.0] AndroidManifest.xml:20:5-44
MERGED from [androidx.lifecycle:lifecycle-livedata-core:2.7.0] AndroidManifest.xml:20:5-44
MERGED from [androidx.lifecycle:lifecycle-livedata-core:2.7.0] AndroidManifest.xml:20:5-44
MERGED from [androidx.lifecycle:lifecycle-runtime:2.7.0] AndroidManifest.xml:5:5-44
MERGED from [androidx.lifecycle:lifecycle-runtime:2.7.0] AndroidManifest.xml:5:5-44
MERGED from [androidx.lifecycle:lifecycle-process:2.7.0] AndroidManifest.xml:21:5-44
MERGED from [androidx.lifecycle:lifecycle-process:2.7.0] AndroidManifest.xml:21:5-44
MERGED from [androidx.savedstate:savedstate:1.2.1] AndroidManifest.xml:20:5-44
MERGED from [androidx.savedstate:savedstate:1.2.1] AndroidManifest.xml:20:5-44
MERGED from [com.google.android.gms:play-services-tasks:18.1.0] AndroidManifest.xml:4:5-43
MERGED from [com.google.android.gms:play-services-tasks:18.1.0] AndroidManifest.xml:4:5-43
MERGED from [com.google.android.gms:play-services-basement:18.3.0] AndroidManifest.xml:18:5-43
MERGED from [com.google.android.gms:play-services-basement:18.3.0] AndroidManifest.xml:18:5-43
MERGED from [androidx.viewpager:viewpager:1.0.0] AndroidManifest.xml:20:5-44
MERGED from [androidx.viewpager:viewpager:1.0.0] AndroidManifest.xml:20:5-44
MERGED from [androidx.customview:customview:1.0.0] AndroidManifest.xml:20:5-44
MERGED from [androidx.customview:customview:1.0.0] AndroidManifest.xml:20:5-44
MERGED from [androidx.core:core:1.13.1] AndroidManifest.xml:20:5-44
MERGED from [androidx.core:core:1.13.1] AndroidManifest.xml:20:5-44
MERGED from [androidx.core:core-ktx:1.13.1] AndroidManifest.xml:5:5-44
MERGED from [androidx.core:core-ktx:1.13.1] AndroidManifest.xml:5:5-44
MERGED from [androidx.localbroadcastmanager:localbroadcastmanager:1.1.0] AndroidManifest.xml:20:5-22:41
MERGED from [androidx.localbroadcastmanager:localbroadcastmanager:1.1.0] AndroidManifest.xml:20:5-22:41
MERGED from [com.google.firebase:firebase-components:18.0.0] AndroidManifest.xml:18:5-44
MERGED from [com.google.firebase:firebase-components:18.0.0] AndroidManifest.xml:18:5-44
MERGED from [com.google.firebase:firebase-datatransport:18.2.0] AndroidManifest.xml:18:5-44
MERGED from [com.google.firebase:firebase-datatransport:18.2.0] AndroidManifest.xml:18:5-44
MERGED from [com.google.android.datatransport:transport-backend-cct:3.1.9] AndroidManifest.xml:18:5-20:41
MERGED from [com.google.android.datatransport:transport-backend-cct:3.1.9] AndroidManifest.xml:18:5-20:41
MERGED from [com.google.firebase:firebase-encoders-json:18.0.0] AndroidManifest.xml:19:5-21:41
MERGED from [com.google.firebase:firebase-encoders-json:18.0.0] AndroidManifest.xml:19:5-21:41
MERGED from [com.google.android.datatransport:transport-runtime:3.1.9] AndroidManifest.xml:18:5-20:41
MERGED from [com.google.android.datatransport:transport-runtime:3.1.9] AndroidManifest.xml:18:5-20:41
MERGED from [com.google.android.datatransport:transport-api:3.1.0] AndroidManifest.xml:18:5-44
MERGED from [com.google.android.datatransport:transport-api:3.1.0] AndroidManifest.xml:18:5-44
MERGED from [androidx.profileinstaller:profileinstaller:1.3.1] AndroidManifest.xml:21:5-44
MERGED from [androidx.profileinstaller:profileinstaller:1.3.1] AndroidManifest.xml:21:5-44
MERGED from [androidx.startup:startup-runtime:1.1.1] AndroidManifest.xml:21:5-23:41
MERGED from [androidx.startup:startup-runtime:1.1.1] AndroidManifest.xml:21:5-23:41
MERGED from [androidx.tracing:tracing:1.2.0] AndroidManifest.xml:20:5-44
MERGED from [androidx.tracing:tracing:1.2.0] AndroidManifest.xml:20:5-44
MERGED from [androidx.interpolator:interpolator:1.0.0] AndroidManifest.xml:20:5-44
MERGED from [androidx.interpolator:interpolator:1.0.0] AndroidManifest.xml:20:5-44
MERGED from [androidx.versionedparcelable:versionedparcelable:1.1.1] AndroidManifest.xml:20:5-22:41
MERGED from [androidx.versionedparcelable:versionedparcelable:1.1.1] AndroidManifest.xml:20:5-22:41
MERGED from [androidx.exifinterface:exifinterface:1.3.6] AndroidManifest.xml:20:5-22:41
MERGED from [androidx.exifinterface:exifinterface:1.3.6] AndroidManifest.xml:20:5-22:41
MERGED from [androidx.arch.core:core-runtime:2.2.0] AndroidManifest.xml:20:5-44
MERGED from [androidx.arch.core:core-runtime:2.2.0] AndroidManifest.xml:20:5-44
MERGED from [androidx.documentfile:documentfile:1.0.0] AndroidManifest.xml:20:5-44
MERGED from [androidx.documentfile:documentfile:1.0.0] AndroidManifest.xml:20:5-44
MERGED from [androidx.print:print:1.0.0] AndroidManifest.xml:20:5-44
MERGED from [androidx.print:print:1.0.0] AndroidManifest.xml:20:5-44
MERGED from [androidx.window.extensions.core:core:1.0.0] AndroidManifest.xml:5:5-44
MERGED from [androidx.window.extensions.core:core:1.0.0] AndroidManifest.xml:5:5-44
MERGED from [androidx.annotation:annotation-experimental:1.4.0] AndroidManifest.xml:5:5-44
MERGED from [androidx.annotation:annotation-experimental:1.4.0] AndroidManifest.xml:5:5-44
INJECTED from src/debug/AndroidManifest.xml
INJECTED from src/debug/AndroidManifest.xml
	android:targetSdkVersion
		INJECTED from src/main/AndroidManifest.xml
		INJECTED from src/debug/AndroidManifest.xml
	android:minSdkVersion
		INJECTED from src/main/AndroidManifest.xml
		INJECTED from src/debug/AndroidManifest.xml
uses-permission#android.permission.WAKE_LOCK
ADDED from [:firebase_messaging] AndroidManifest.xml:10:5-68
MERGED from [com.google.firebase:firebase-messaging:24.1.0] AndroidManifest.xml:24:5-68
MERGED from [com.google.firebase:firebase-messaging:24.1.0] AndroidManifest.xml:24:5-68